{
  "stats": {
    "suites": 1,
    "tests": 2,
    "passes": 1,
    "pending": 0,
    "failures": 1,
    "start": "2022-03-25T05:37:33.539Z",
    "end": "2022-03-25T05:37:48.573Z",
    "duration": 15034,
    "testsRegistered": 2,
    "passPercent": 50,
    "pendingPercent": 0,
    "other": 0,
    "hasOther": false,
    "skipped": 0,
    "hasSkipped": false
  },
  "results": [
    {
      "uuid": "a2949bb7-4bef-4151-955f-4f1dde7e113d",
      "title": "",
      "fullFile": "cypress/integration/BDD/ecommerce.feature",
      "file": "cypress/integration/BDD/ecommerce.feature",
      "beforeHooks": [],
      "afterHooks": [],
      "tests": [],
      "suites": [
        {
          "uuid": "dce16a47-781e-4a68-8b7c-cfbf820b46e2",
          "title": "End to end Ecommerce validation",
          "fullFile": "",
          "file": "",
          "beforeHooks": [],
          "afterHooks": [],
          "tests": [
            {
              "title": "Ecomerce products delivery",
              "fullTitle": "End to end Ecommerce validation Ecomerce products delivery",
              "timedOut": null,
              "duration": 9378,
              "state": "passed",
              "speed": "medium",
              "pass": true,
              "fail": false,
              "pending": false,
              "context": null,
              "code": "const state = window.testState;\nreturn cy\n  .then(() => state.onStartScenario(scenario, indexedSteps))\n  .then(() =>\n    resolveAndRunBeforeHooks.call(this, scenario.tags, state.feature.name)\n  )\n  .then(() =>\n    indexedSteps.forEach((step) =>\n      stepTest.call(this, state, step, rowData)\n    )\n  )\n  .then(() => state.onFinishScenario(scenario));",
              "err": {},
              "uuid": "7c5db087-8cd2-465c-bef5-48cd6176ea3f",
              "parentUUID": "dce16a47-781e-4a68-8b7c-cfbf820b46e2",
              "isHook": false,
              "skipped": false
            },
            {
              "title": "Filing the form to shop",
              "fullTitle": "End to end Ecommerce validation Filing the form to shop",
              "timedOut": null,
              "duration": 1707,
              "state": "failed",
              "speed": null,
              "pass": false,
              "fail": true,
              "pending": false,
              "context": null,
              "code": "const state = window.testState;\nreturn cy\n  .then(() => state.onStartScenario(scenario, indexedSteps))\n  .then(() =>\n    resolveAndRunBeforeHooks.call(this, scenario.tags, state.feature.name)\n  )\n  .then(() =>\n    indexedSteps.forEach((step) =>\n      stepTest.call(this, state, step, rowData)\n    )\n  )\n  .then(() => state.onFinishScenario(scenario));",
              "err": {
                "message": "Error: Step implementation missing for: I fill the form details",
                "estack": "Error: Step implementation missing for: I fill the form details\n    at Context.resolveAndRunStepDefinition (https://rahulshettyacademy.com/__cypress/tests?p=cypress\\integration\\BDD\\ecommerce.feature:12499:11)\n    at Context.eval (https://rahulshettyacademy.com/__cypress/tests?p=cypress\\integration\\BDD\\ecommerce.feature:11814:35)",
                "diff": null
              },
              "uuid": "30230976-ea31-4150-8d6a-32b3226bc4f6",
              "parentUUID": "dce16a47-781e-4a68-8b7c-cfbf820b46e2",
              "isHook": false,
              "skipped": false
            }
          ],
          "suites": [],
          "passes": [
            "7c5db087-8cd2-465c-bef5-48cd6176ea3f"
          ],
          "failures": [
            "30230976-ea31-4150-8d6a-32b3226bc4f6"
          ],
          "pending": [],
          "skipped": [],
          "duration": 11085,
          "root": false,
          "rootEmpty": false,
          "_timeout": 2000
        }
      ],
      "passes": [],
      "failures": [],
      "pending": [],
      "skipped": [],
      "duration": 0,
      "root": true,
      "rootEmpty": true,
      "_timeout": 2000
    }
  ],
  "meta": {
    "mocha": {
      "version": "7.0.1"
    },
    "mochawesome": {
      "options": {
        "quiet": false,
        "reportFilename": "mochawesome",
        "saveHtml": true,
        "saveJson": true,
        "consoleReporter": "spec",
        "useInlineDiffs": false,
        "code": true
      },
      "version": "7.1.2"
    },
    "marge": {
      "options": null,
      "version": "6.1.1"
    }
  }
}